<?xml version="1.0" encoding="UTF-8"?>
<!-- Generated by org.testng.reporters.JUnitReportReporter -->
<testsuite skipped="0" hostname="DESKTOP-LCVS2C2" name="testSignInPageObjects.TestGoogleSheetLatest" tests="1" failures="0" timestamp="21 Jan 2019 09:46:47 GMT" time="60.300" errors="0">
  <testcase name="invalidSigninByGoogleSheetApi" time="60.300" classname="testSignInPageObjects.TestGoogleSheetLatest"/>
</testsuite> <!-- testSignInPageObjects.TestGoogleSheetLatest -->
