<?xml version="1.0" encoding="UTF-8"?>
<!-- Generated by org.testng.reporters.JUnitReportReporter -->
<testsuite skipped="0" hostname="DESKTOP-LCVS2C2" name="TestHome" tests="1" failures="0" timestamp="21 Jan 2019 07:10:21 GMT" time="28.140" errors="0">
  <testcase name="test1" time="28.140" classname="TestHome"/>
</testsuite> <!-- TestHome -->
