<?xml version="1.0" encoding="UTF-8"?>
<!-- Generated by org.testng.reporters.JUnitReportReporter -->
<testsuite skipped="0" hostname="DESKTOP-LCVS2C2" name="rest.AllDataAPI" tests="3" failures="0" timestamp="21 Jan 2019 07:09:05 GMT" time="2.094" errors="0">
  <testcase name="callAllEmployeeResources" time="0.291" classname="rest.AllDataAPI"/>
  <testcase name="serverErrorCallAllEmployeeResources" time="0.225" classname="rest.AllDataAPI"/>
  <testcase name="badCallAllEmployeeResources" time="1.578" classname="rest.AllDataAPI"/>
</testsuite> <!-- rest.AllDataAPI -->
